INFO: TrapArray starts. (2024-10-17)
INFO: Array of 1 integers created. (2024-10-17)
ERROR: Invalid element value: [character] (2024-10-17)
ERROR: Invalid element value: [floating-point] (2024-10-17)
ERROR: Invalid element value: [String] (2024-10-17)
ERROR: Bad Index (2024-10-17)
ERROR: Bad Index (2024-10-17)
INFO: TrapArray starts. (2024-10-17)
INFO: Array of 2 integers created. (2024-10-17)
ERROR: Invalid element value: [character] (2024-10-17)
ERROR: Invalid element value: [String] (2024-10-17)
ERROR: Invalid element value: [floating-point] (2024-10-17)
ERROR: Bad Index (2024-10-17)
ERROR: Bad Index (2024-10-17)
INFO: TrapArray starts. (2024-10-17)
INFO: Array of 2 integers created. (2024-10-17)
ERROR: Bad Index (2024-10-17)
INFO: TrapArray starts. (2024-10-17)
INFO: Array of 1 integers created. (2024-10-17)
ERROR: Bad Index (2024-10-17)
INFO: TrapArray starts. (2024-10-17)
INFO: Array of 1 integers created. (2024-10-17)
ERROR: Bad Index (2024-10-17)
ERROR: Bad Index (2024-10-17)
INFO: TrapArray starts. (2024-10-17)
INFO: Array of 1 integers created. (2024-10-17)
ERROR: Bad Index (2024-10-17)
INFO: TrapArray starts. (2024-10-17)
INFO: Array of 1 integers created. (2024-10-17)
ERROR: Bad Index (2024-10-17)
INFO: TrapArray starts. (2024-10-17)
INFO: Array of 3 integers created. (2024-10-17)
ERROR: Invalid element value: [character] (2024-10-17)
ERROR: Invalid element value: [floating-point] (2024-10-17)
ERROR: Bad Index (2024-10-17)
INFO: TrapArray starts. (2024-10-17)
INFO: Array of 2 integers created. (2024-10-17)
INFO: TrapArray starts. (2024-10-17)
INFO: Array of 2 integers created. (2024-10-17)
INFO: TrapArray starts. (2024-10-17)
INFO: Array of 2 integers created. (2024-10-17)
INFO: TrapArray starts. (2024-10-17)
INFO: TrapArray starts. (2024-10-17)
INFO: Array of 2 integers created. (2024-10-17)
INFO: TrapArray starts. (2024-10-17)
INFO: Array of 1 integers created. (2024-10-17)
ERROR: Invalid element value: [character] (2024-10-17)
ERROR: Invalid element value: [floating-point] (2024-10-17)
ERROR: Invalid element value: [String] (2024-10-17)
ERROR: Bad Index (2024-10-17)
INFO: TrapArray starts. (2024-10-17)
INFO: TrapArray starts. (2024-10-17)
INFO: TrapArray starts. (2024-10-17)
INFO: Array of 1 integers created. (2024-10-17)
ERROR: Bad Index (2024-10-17)
INFO: TrapArray starts. (2024-10-17)
INFO: Array of 2 integers created. (2024-10-17)
INFO: TrapArray starts. (2024-10-17)
INFO: Array of 1 integers created. (2024-10-17)
